
> api@1.0.0 start
> node index.js

[dotenv@17.2.4] injecting env (0) from api/.env -- tip: ⚙️  enable debug logging with { debug: true }
WARNING: SESSION_SECRET environment variable not set. Generating a random session secret. Sessions will not persist across restarts.
[dotenv@17.2.4] injecting env (0) from api/.env -- tip: 📡 add observability to secrets: https://dotenvx.com/ops
[dotenv@17.2.4] injecting env (0) from api/.env -- tip: ⚙️  load multiple .env files with { path: ['.env.local', '.env'] }
[dotenv@17.2.4] injecting env (0) from .env -- tip: ⚙️  override existing env vars with { override: true }
[dotenv@17.2.4] injecting env (0) from .env -- tip: 👥 sync secrets across teammates & machines: https://dotenvx.com/ops
[dotenv@17.2.4] injecting env (0) from .env -- tip: 🔄 add secrets lifecycle management: https://dotenvx.com/ops
/app/api/utils/jwtUtils.js:6
  throw new Error('JWT_SECRET is not defined in environment variables');
  ^

Error: JWT_SECRET is not defined in environment variables
    at Object.<anonymous> (/app/api/utils/jwtUtils.js:6:9)
    at Module._compile (node:internal/modules/cjs/loader:1706:14)
    at Object..js (node:internal/modules/cjs/loader:1839:10)
    at Module.load (node:internal/modules/cjs/loader:1441:32)
    at Function._load (node:internal/modules/cjs/loader:1263:12)
    at TracingChannel.traceSync (node:diagnostics_channel:328:14)
    at wrapModuleLoad (node:internal/modules/cjs/loader:237:24)
    at Module.require (node:internal/modules/cjs/loader:1463:12)
    at require (node:internal/modules/helpers:147:16)
    at Object.<anonymous> (/app/api/middleware/authMiddleware.js:3:25)

Node.js v22.22.0

> api@1.0.0 start
> node index.js

[dotenv@17.2.4] injecting env (0) from api/.env -- tip: 🛠️  run anywhere with `dotenvx run -- yourcommand`
WARNING: SESSION_SECRET environment variable not set. Generating a random session secret. Sessions will not persist across restarts.
[dotenv@17.2.4] injecting env (0) from api/.env -- tip: 🔐 prevent committing .env to code: https://dotenvx.com/precommit
[dotenv@17.2.4] injecting env (0) from api/.env -- tip: 👥 sync secrets across teammates & machines: https://dotenvx.com/ops
[dotenv@17.2.4] injecting env (0) from .env -- tip: ✅ audit secrets and track compliance: https://dotenvx.com/ops
[dotenv@17.2.4] injecting env (0) from .env -- tip: 🛠️  run anywhere with `dotenvx run -- yourcommand`
[dotenv@17.2.4] injecting env (0) from .env -- tip: ⚙️  write to custom object with { processEnv: myObject }
[dotenv@17.2.4] injecting env (0) from api/.env -- tip: 🔑 add access controls to secrets: https://dotenvx.com/ops
[GoogleCalendarUtils][getCalendarService] Missing Google OAuth2 client environment variables.
/app/api/config/oauth.js:14
  throw new Error('Google OAuth2 client configuration is incomplete.');
  ^

Error: Google OAuth2 client configuration is incomplete.
    at Object.<anonymous> (/app/api/config/oauth.js:14:9)
    at Module._compile (node:internal/modules/cjs/loader:1706:14)
    at Object..js (node:internal/modules/cjs/loader:1839:10)
    at Module.load (node:internal/modules/cjs/loader:1441:32)
    at Function._load (node:internal/modules/cjs/loader:1263:12)
    at TracingChannel.traceSync (node:diagnostics_channel:328:14)
    at wrapModuleLoad (node:internal/modules/cjs/loader:237:24)
    at Module.require (node:internal/modules/cjs/loader:1463:12)
    at require (node:internal/modules/helpers:147:16)
    at Object.<anonymous> (/app/api/controllers/authController.js:12:35)

Node.js v22.22.0
